<?xml version="1.0" encoding="UTF-8"?>
<!-- Generated by org.testng.reporters.JUnitReportReporter -->
<testsuite hostname="DESKTOP-K09HSR0" name="Kam.tanhoda.admin.Verifyloginsuccessfulwithvalidcredential" tests="1" failures="0" timestamp="25 Apr 2019 07:14:44 GMT" time="8.740" errors="0">
  <testcase name="loginsuccessfull" time="8.740" classname="Kam.tanhoda.admin.Verifyloginsuccessfulwithvalidcredential"/>
</testsuite> <!-- Kam.tanhoda.admin.Verifyloginsuccessfulwithvalidcredential -->
