<?xml version="1.0" encoding="UTF-8"?>
<!-- Generated by org.testng.reporters.JUnitReportReporter -->
<testsuite hostname="DESKTOP-K09HSR0" name="Kam.tanhoda.admin.Verify_login_with_invalidpassword" tests="1" failures="0" timestamp="26 Apr 2019 05:48:49 GMT" time="5.903" errors="0">
  <testcase name="unsuccessful" time="5.903" classname="Kam.tanhoda.admin.Verify_login_with_invalidpassword"/>
</testsuite> <!-- Kam.tanhoda.admin.Verify_login_with_invalidpassword -->
