<?xml version="1.0" encoding="UTF-8"?>
<!-- Generated by org.testng.reporters.JUnitReportReporter -->
<testsuite hostname="DESKTOP-K09HSR0" name="Kam.tanhoda.block.Verify_block_Add_Data_table" tests="1" failures="0" timestamp="29 Apr 2019 08:12:42 GMT" time="14.412" errors="0">
  <testcase name="BlockAdd" time="14.412" classname="Kam.tanhoda.block.Verify_block_Add_Data_table"/>
</testsuite> <!-- Kam.tanhoda.block.Verify_block_Add_Data_table -->
