<?xml version="1.0" encoding="UTF-8"?>
<!-- Generated by org.testng.reporters.JUnitReportReporter -->
<testsuite hostname="DESKTOP-K09HSR0" name="Kam.tanhoda.block.Verify_Activebutton" tests="1" failures="0" timestamp="29 Apr 2019 09:46:07 GMT" time="17.153" errors="0">
  <testcase name="Blockedit" time="17.153" classname="Kam.tanhoda.block.Verify_Activebutton"/>
</testsuite> <!-- Kam.tanhoda.block.Verify_Activebutton -->
