<?xml version="1.0" encoding="UTF-8"?>
<!-- Generated by org.testng.reporters.JUnitReportReporter -->
<testsuite hostname="DESKTOP-K09HSR0" name="Kam.tanhoda.admin.District_Add_Successful" tests="2" failures="0" timestamp="26 Apr 2019 09:53:05 GMT" time="2016.629" errors="0">
  <testcase name="districAdd" time="15.703" classname="Kam.tanhoda.admin.District_Add_Successful"/>
  <testcase name="verifydistricAdd" time="2000.926" classname="Kam.tanhoda.admin.District_Add_Successful"/>
</testsuite> <!-- Kam.tanhoda.admin.District_Add_Successful -->
