<?xml version="1.0" encoding="UTF-8"?>
<!-- Generated by org.testng.reporters.JUnitReportReporter -->
<testsuite hostname="DESKTOP-K09HSR0" name="Kam.tanhoda.block.Verify_DeActivatebutton" tests="1" failures="0" timestamp="29 Apr 2019 09:43:26 GMT" time="18.231" errors="0">
  <testcase name="Blockedit" time="18.231" classname="Kam.tanhoda.block.Verify_DeActivatebutton"/>
</testsuite> <!-- Kam.tanhoda.block.Verify_DeActivatebutton -->
