<?xml version="1.0" encoding="UTF-8"?>
<!-- Generated by org.testng.reporters.JUnitReportReporter -->
<testsuite hostname="DESKTOP-K09HSR0" name="Kam.tanhoda.admin.Verify_login_successful" tests="1" failures="0" timestamp="26 Apr 2019 05:10:04 GMT" time="7.578" errors="0">
  <testcase name="loginsuccessful" time="7.578" classname="Kam.tanhoda.admin.Verify_login_successful"/>
</testsuite> <!-- Kam.tanhoda.admin.Verify_login_successful -->
