<?xml version="1.0" encoding="UTF-8"?>
<!-- Generated by org.testng.reporters.JUnitReportReporter -->
<testsuite hostname="DESKTOP-K09HSR0" name="Kam.tanhoda.district.Verify_successful_edit_districtname" tests="1" failures="0" timestamp="29 Apr 2019 06:05:20 GMT" time="14.608" errors="0">
  <testcase name="districAdd" time="14.608" classname="Kam.tanhoda.district.Verify_successful_edit_districtname"/>
</testsuite> <!-- Kam.tanhoda.district.Verify_successful_edit_districtname -->
