<?xml version="1.0" encoding="UTF-8"?>
<!-- Generated by org.testng.reporters.JUnitReportReporter -->
<testsuite hostname="DESKTOP-K09HSR0" name="Kam.tanhoda.district.Verify_Activebutton" tests="1" failures="0" timestamp="29 Apr 2019 06:38:35 GMT" time="17.619" errors="0">
  <testcase name="districAdd" time="17.619" classname="Kam.tanhoda.district.Verify_Activebutton"/>
</testsuite> <!-- Kam.tanhoda.district.Verify_Activebutton -->
