<?xml version="1.0" encoding="UTF-8"?>
<!-- Generated by org.testng.reporters.JUnitReportReporter -->
<testsuite hostname="DESKTOP-K09HSR0" name="Kam.tanhoda.admin.Verify_district_Add_Data" tests="1" failures="0" timestamp="27 Apr 2019 11:51:58 GMT" time="15.639" errors="0">
  <testcase name="verifydistricAdd" time="15.639" classname="Kam.tanhoda.admin.Verify_district_Add_Data"/>
</testsuite> <!-- Kam.tanhoda.admin.Verify_district_Add_Data -->
