<?xml version="1.0" encoding="UTF-8"?>
<!-- Generated by org.testng.reporters.JUnitReportReporter -->
<testsuite hostname="DESKTOP-K09HSR0" name="Kam.tanhoda.district.Verify_DeActivatebutton" tests="1" failures="0" timestamp="29 Apr 2019 06:22:04 GMT" time="14.346" errors="0">
  <testcase name="districAdd" time="14.346" classname="Kam.tanhoda.district.Verify_DeActivatebutton"/>
</testsuite> <!-- Kam.tanhoda.district.Verify_DeActivatebutton -->
