<?xml version="1.0" encoding="UTF-8"?>
<!-- Generated by org.testng.reporters.JUnitReportReporter -->
<testsuite hostname="DESKTOP-K09HSR0" name="Kam.tanhoda.admin.Verify_district_add_alreadyexistname" tests="1" failures="0" timestamp="29 Apr 2019 05:19:58 GMT" time="22.494" errors="0">
  <testcase name="districAdd" time="22.494" classname="Kam.tanhoda.admin.Verify_district_add_alreadyexistname"/>
</testsuite> <!-- Kam.tanhoda.admin.Verify_district_add_alreadyexistname -->
